<?xml version="1.0" encoding="UTF-8"?>
<!-- Generated by org.testng.reporters.JUnitReportReporter -->
<testsuite hostname="Rukadar" failures="0" tests="1" name="Appium.AppAutomation.BaseClass" time="52.145" errors="0" timestamp="2024-02-26T19:24:53 EST" skipped="0">
  <testcase classname="Appium.AppAutomation.BaseClass" name="configureAppium" time="52.145"/>
  <system-out/>
</testsuite> <!-- Appium.AppAutomation.BaseClass -->
