<?xml version="1.0" encoding="UTF-8"?>
<!-- Generated by org.testng.reporters.JUnitReportReporter -->
<testsuite hostname="Rukadar" failures="0" tests="1" name="com.qa.base.TestBase" time="121.854" errors="0" timestamp="2024-02-29T20:31:09 EST" skipped="0">
  <testcase classname="com.qa.base.TestBase" name="configureAppium" time="121.854"/>
  <system-out/>
</testsuite> <!-- com.qa.base.TestBase -->
